cl : 명령줄 warning D9035: 'Gm' 옵션은 더 이상 사용되지 않으므로 이후 릴리스에서 제거될 예정입니다.
  main.cpp
C:\Users\gkgk2\OneDrive\바탕 화면\2D\DManager.h(9,16): error C2039: 'string': 'std'의 멤버가 아닙니다.
C:\Program Files (x86)\Microsoft Visual Studio\2019\Community\VC\Tools\MSVC\14.27.29110\include\map(25): message : 'std' 선언을 참조하십시오.
C:\Users\gkgk2\OneDrive\바탕 화면\2D\DManager.h(9,22): error C2065: 'string': 선언되지 않은 식별자입니다.
C:\Users\gkgk2\OneDrive\바탕 화면\2D\DManager.h(9,7): error C2923: 'std::map': 'string'은(는) '_Kty' 매개 변수에 대한 올바른 템플릿 형식 인수가 아닙니다.
C:\Users\gkgk2\OneDrive\바탕 화면\2D\DManager.h(9,7): error C2976: 'std::map': 템플릿 인수가 너무 적습니다.
C:\Program Files (x86)\Microsoft Visual Studio\2019\Community\VC\Tools\MSVC\14.27.29110\include\map(75): message : 'std::map' 선언을 참조하십시오.
C:\Users\gkgk2\OneDrive\바탕 화면\2D\DManager.h(15,25): error C2039: 'string': 'std'의 멤버가 아닙니다.
C:\Program Files (x86)\Microsoft Visual Studio\2019\Community\VC\Tools\MSVC\14.27.29110\include\map(25): message : 'std' 선언을 참조하십시오.
C:\Users\gkgk2\OneDrive\바탕 화면\2D\DManager.h(15,32): error C2061: 구문 오류: 식별자 'string'
C:\Users\gkgk2\OneDrive\바탕 화면\2D\DManager.h(16,23): error C2039: 'string': 'std'의 멤버가 아닙니다.
C:\Program Files (x86)\Microsoft Visual Studio\2019\Community\VC\Tools\MSVC\14.27.29110\include\map(25): message : 'std' 선언을 참조하십시오.
C:\Users\gkgk2\OneDrive\바탕 화면\2D\DManager.h(16,30): error C2061: 구문 오류: 식별자 'string'
C:\Users\gkgk2\OneDrive\바탕 화면\2D\DManager.h(17,19): error C2039: 'string': 'std'의 멤버가 아닙니다.
C:\Program Files (x86)\Microsoft Visual Studio\2019\Community\VC\Tools\MSVC\14.27.29110\include\map(25): message : 'std' 선언을 참조하십시오.
C:\Users\gkgk2\OneDrive\바탕 화면\2D\DManager.h(17,26): error C2061: 구문 오류: 식별자 'string'
C:\Users\gkgk2\OneDrive\바탕 화면\2D\myCharacter.h(75,1): warning C4244: '+=': 'float'에서 'int'(으)로 변환하면서 데이터가 손실될 수 있습니다.
C:\Users\gkgk2\OneDrive\바탕 화면\2D\myCharacter.h(76,1): warning C4244: '+=': 'float'에서 'int'(으)로 변환하면서 데이터가 손실될 수 있습니다.
C:\Users\gkgk2\OneDrive\바탕 화면\2D\myAnimal_4.h(100,1): warning C4244: '+=': 'float'에서 'int'(으)로 변환하면서 데이터가 손실될 수 있습니다.
C:\Users\gkgk2\OneDrive\바탕 화면\2D\myAnimal_4.h(107,1): warning C4244: '+=': 'float'에서 'int'(으)로 변환하면서 데이터가 손실될 수 있습니다.
C:\Users\gkgk2\OneDrive\바탕 화면\2D\myAnimal_4.h(112,1): warning C4244: '+=': 'float'에서 'int'(으)로 변환하면서 데이터가 손실될 수 있습니다.
C:\Users\gkgk2\OneDrive\바탕 화면\2D\myAnimal_5.h(93,1): warning C4244: '+=': 'float'에서 'int'(으)로 변환하면서 데이터가 손실될 수 있습니다.
C:\Users\gkgk2\OneDrive\바탕 화면\2D\main.cpp(641,465): warning C4390: ';': 제어된 빈 문이 있습니다. 이 문이 필요합니까?
C:\Users\gkgk2\OneDrive\바탕 화면\2D\main.cpp(1406,253): warning C4390: ';': 제어된 빈 문이 있습니다. 이 문이 필요합니까?
  DSpriteManager.cpp
C:\Users\gkgk2\OneDrive\바탕 화면\2D\DManager.h(9,16): error C2039: 'string': 'std'의 멤버가 아닙니다.
C:\Program Files (x86)\Microsoft Visual Studio\2019\Community\VC\Tools\MSVC\14.27.29110\include\map(25): message : 'std' 선언을 참조하십시오.
C:\Users\gkgk2\OneDrive\바탕 화면\2D\DManager.h(9,22): error C2065: 'string': 선언되지 않은 식별자입니다.
C:\Users\gkgk2\OneDrive\바탕 화면\2D\DManager.h(9,7): error C2923: 'std::map': 'string'은(는) '_Kty' 매개 변수에 대한 올바른 템플릿 형식 인수가 아닙니다.
C:\Users\gkgk2\OneDrive\바탕 화면\2D\DManager.h(9,7): error C2976: 'std::map': 템플릿 인수가 너무 적습니다.
C:\Program Files (x86)\Microsoft Visual Studio\2019\Community\VC\Tools\MSVC\14.27.29110\include\map(75): message : 'std::map' 선언을 참조하십시오.
C:\Users\gkgk2\OneDrive\바탕 화면\2D\DManager.h(15,25): error C2039: 'string': 'std'의 멤버가 아닙니다.
C:\Program Files (x86)\Microsoft Visual Studio\2019\Community\VC\Tools\MSVC\14.27.29110\include\map(25): message : 'std' 선언을 참조하십시오.
C:\Users\gkgk2\OneDrive\바탕 화면\2D\DManager.h(15,32): error C2061: 구문 오류: 식별자 'string'
C:\Users\gkgk2\OneDrive\바탕 화면\2D\DManager.h(16,23): error C2039: 'string': 'std'의 멤버가 아닙니다.
C:\Program Files (x86)\Microsoft Visual Studio\2019\Community\VC\Tools\MSVC\14.27.29110\include\map(25): message : 'std' 선언을 참조하십시오.
C:\Users\gkgk2\OneDrive\바탕 화면\2D\DManager.h(16,30): error C2061: 구문 오류: 식별자 'string'
C:\Users\gkgk2\OneDrive\바탕 화면\2D\DManager.h(17,19): error C2039: 'string': 'std'의 멤버가 아닙니다.
C:\Program Files (x86)\Microsoft Visual Studio\2019\Community\VC\Tools\MSVC\14.27.29110\include\map(25): message : 'std' 선언을 참조하십시오.
C:\Users\gkgk2\OneDrive\바탕 화면\2D\DManager.h(17,26): error C2061: 구문 오류: 식별자 'string'
C:\Users\gkgk2\OneDrive\바탕 화면\2D\DSpriteManager.cpp(16,38): error C2660: 'DManager::Find': 함수는 1개의 인수를 사용하지 않습니다.
C:\Users\gkgk2\OneDrive\바탕 화면\2D\DManager.h(16,13): message : 'DManager::Find' 선언을 참조하십시오.
C:\Users\gkgk2\OneDrive\바탕 화면\2D\DSpriteManager.cpp(21,20): error C2678: 이항 '[': 왼쪽 피연산자로 'std::map' 형식을 사용하는 연산자가 없거나 허용되는 변환이 없습니다.
C:\Program Files (x86)\Microsoft Visual Studio\2019\Community\VC\Tools\MSVC\14.27.29110\include\map(324,18): message : '_Ty &std::map<_Kty,_Ty,_Pr,_Alloc>::operator [](const _Kty &)'일 수 있습니다.
C:\Program Files (x86)\Microsoft Visual Studio\2019\Community\VC\Tools\MSVC\14.27.29110\include\map(153,18): message : 또는       '_Ty &std::map<_Kty,_Ty,_Pr,_Alloc>::operator [](_Kty &&)'
C:\Users\gkgk2\OneDrive\바탕 화면\2D\DSpriteManager.cpp(21,20): message : 인수 목록 '(std::map, std::string)'을(를) 일치시키는 동안
  DManager.cpp
C:\Users\gkgk2\OneDrive\바탕 화면\2D\DManager.h(9,16): error C2039: 'string': 'std'의 멤버가 아닙니다.
C:\Program Files (x86)\Microsoft Visual Studio\2019\Community\VC\Tools\MSVC\14.27.29110\include\map(25): message : 'std' 선언을 참조하십시오.
C:\Users\gkgk2\OneDrive\바탕 화면\2D\DManager.h(9,22): error C2065: 'string': 선언되지 않은 식별자입니다.
C:\Users\gkgk2\OneDrive\바탕 화면\2D\DManager.h(9,7): error C2923: 'std::map': 'string'은(는) '_Kty' 매개 변수에 대한 올바른 템플릿 형식 인수가 아닙니다.
C:\Users\gkgk2\OneDrive\바탕 화면\2D\DManager.h(9,7): error C2976: 'std::map': 템플릿 인수가 너무 적습니다.
C:\Program Files (x86)\Microsoft Visual Studio\2019\Community\VC\Tools\MSVC\14.27.29110\include\map(75): message : 'std::map' 선언을 참조하십시오.
C:\Users\gkgk2\OneDrive\바탕 화면\2D\DManager.h(15,25): error C2039: 'string': 'std'의 멤버가 아닙니다.
C:\Program Files (x86)\Microsoft Visual Studio\2019\Community\VC\Tools\MSVC\14.27.29110\include\map(25): message : 'std' 선언을 참조하십시오.
C:\Users\gkgk2\OneDrive\바탕 화면\2D\DManager.h(15,32): error C2061: 구문 오류: 식별자 'string'
C:\Users\gkgk2\OneDrive\바탕 화면\2D\DManager.h(16,23): error C2039: 'string': 'std'의 멤버가 아닙니다.
C:\Program Files (x86)\Microsoft Visual Studio\2019\Community\VC\Tools\MSVC\14.27.29110\include\map(25): message : 'std' 선언을 참조하십시오.
C:\Users\gkgk2\OneDrive\바탕 화면\2D\DManager.h(16,30): error C2061: 구문 오류: 식별자 'string'
C:\Users\gkgk2\OneDrive\바탕 화면\2D\DManager.h(17,19): error C2039: 'string': 'std'의 멤버가 아닙니다.
C:\Program Files (x86)\Microsoft Visual Studio\2019\Community\VC\Tools\MSVC\14.27.29110\include\map(25): message : 'std' 선언을 참조하십시오.
C:\Users\gkgk2\OneDrive\바탕 화면\2D\DManager.h(17,26): error C2061: 구문 오류: 식별자 'string'
C:\Users\gkgk2\OneDrive\바탕 화면\2D\DManager.cpp(6,1): error C2512: 'std::map': 사용할 수 있는 적절한 기본 생성자가 없습니다.
C:\Program Files (x86)\Microsoft Visual Studio\2019\Community\VC\Tools\MSVC\14.27.29110\include\map(75,11): message : 'std::map' 선언을 참조하십시오.
C:\Users\gkgk2\OneDrive\바탕 화면\2D\DManager.cpp(13,25): error C2663: 'std::_Tree<_Traits>::begin': 2개의 오버로드에서 'this' 포인터에 대한 변환이 잘못되었습니다.
C:\Users\gkgk2\OneDrive\바탕 화면\2D\DManager.cpp(13,54): error C2663: 'std::_Tree<_Traits>::end': 2개의 오버로드에서 'this' 포인터에 대한 변환이 잘못되었습니다.
C:\Users\gkgk2\OneDrive\바탕 화면\2D\DManager.cpp(18,22): error C2662: 'void std::_Tree<_Traits>::clear(void) noexcept': 'this' 포인터를 'std::map'에서 'std::_Tree<_Traits> &'(으)로 변환할 수 없습니다.
C:\Users\gkgk2\OneDrive\바탕 화면\2D\DManager.cpp(18,22): message : 원인: 'std::map'에서 'std::_Tree<_Traits>'(으)로 변환할 수 없습니다.
C:\Users\gkgk2\OneDrive\바탕 화면\2D\DManager.cpp(18,2): message : 변환하려면 둘째 사용자 정의 변환 연산자 또는 생성자가 있어야 합니다.
C:\Program Files (x86)\Microsoft Visual Studio\2019\Community\VC\Tools\MSVC\14.27.29110\include\xtree(1444,10): message : 'std::_Tree<_Traits>::clear' 선언을 참조하십시오.
C:\Users\gkgk2\OneDrive\바탕 화면\2D\DManager.cpp(23,1): error C2511: 'DResource *DManager::Create(std::string)': 오버로드된 멤버 함수가 'DManager'에 없습니다.
C:\Users\gkgk2\OneDrive\바탕 화면\2D\DManager.h(6): message : 'DManager' 선언을 참조하십시오.
C:\Users\gkgk2\OneDrive\바탕 화면\2D\DManager.cpp(24,29): error C2660: 'DManager::Find': 함수는 1개의 인수를 사용하지 않습니다.
C:\Users\gkgk2\OneDrive\바탕 화면\2D\DManager.h(16,13): message : 'DManager::Find' 선언을 참조하십시오.
C:\Users\gkgk2\OneDrive\바탕 화면\2D\DManager.cpp(29,20): error C2677: 이항 '[': 'std::string' 형식을 사용하는 전역 연산자가 없거나 허용되는 변환이 없습니다.
C:\Users\gkgk2\OneDrive\바탕 화면\2D\DManager.cpp(35,1): error C2511: 'DResource *DManager::Find(std::string)': 오버로드된 멤버 함수가 'DManager'에 없습니다.
C:\Users\gkgk2\OneDrive\바탕 화면\2D\DManager.h(6): message : 'DManager' 선언을 참조하십시오.
C:\Users\gkgk2\OneDrive\바탕 화면\2D\DManager.cpp(48,1): error C2511: 'void DManager::Delete(std::string)': 오버로드된 멤버 함수가 'DManager'에 없습니다.
C:\Users\gkgk2\OneDrive\바탕 화면\2D\DManager.h(6): message : 'DManager' 선언을 참조하십시오.
  코드를 생성하고 있습니다...
